<?xml version="1.0" encoding="UTF-8"?>
<SPDXLicenseCollection xmlns="http://www.spdx.org/license">
   <license isOsiApproved="true" licenseId="Test-License-Ved"
   name="Test-License-Ved" listVersionAdded="">
      <crossRefs>
         <crossRef>https://www.apache.org/licenses/LICENSE-2.0</crossRef>
      </crossRefs>
      <standardLicenseHeader>
      </standardLicenseHeader>
      <notes>
      </notes>
      <text>
         <p>
            This is a text license for testing the XML purpose
         </p>
      </text>
   </license>
</SPDXLicenseCollection>
